<?xml version="1.0" encoding="UTF-8"?>
<!-- Generated by org.testng.reporters.JUnitReportReporter -->
<testsuite hostname="Salahs-MacBook-Pro.local" name="characterarcade.IFrame" tests="1" failures="0" timestamp="22 Jan 2015 02:17:36 GMT" time="40.150" errors="0">
  <testcase name="IFrame" time="40.150" classname="characterarcade.IFrame"/>
</testsuite> <!-- characterarcade.IFrame -->
