<?xml version="1.0" encoding="UTF-8"?>
<!-- Generated by org.testng.reporters.JUnitReportReporter -->
<testsuite hostname="Salahs-MacBook-Pro.local" name="metLife.YourInfo" tests="1" failures="0" timestamp="22 Jan 2015 02:21:19 GMT" time="21.367" errors="0">
  <testcase name="yourInfo" time="21.367" classname="metLife.YourInfo"/>
</testsuite> <!-- metLife.YourInfo -->
