<?xml version="1.0" encoding="UTF-8"?>
<!-- Generated by org.testng.reporters.JUnitReportReporter -->
<testsuite hostname="Salahs-MacBook-Pro.local" name="amazon.DropDownList" tests="1" failures="0" timestamp="22 Jan 2015 02:20:57 GMT" time="183.164" errors="0">
  <testcase name="DropDownList" time="183.164" classname="amazon.DropDownList"/>
</testsuite> <!-- amazon.DropDownList -->
