<?xml version="1.0" encoding="UTF-8"?>
<!-- Generated by org.testng.reporters.JUnitReportReporter -->
<testsuite hostname="Salahs-MacBook-Pro.local" name="amazon.ReadFile" tests="1" failures="0" timestamp="22 Jan 2015 02:20:57 GMT" time="15.951" errors="0">
  <testcase name="runFile" time="15.951" classname="amazon.ReadFile"/>
</testsuite> <!-- amazon.ReadFile -->
