<?xml version="1.0" encoding="UTF-8"?>
<!-- Generated by org.testng.reporters.JUnitReportReporter -->
<testsuite hostname="Salahs-MacBook-Pro.local" name="Jquery.MultipleScreenShort" tests="1" failures="0" timestamp="22 Jan 2015 02:16:55 GMT" time="4.008" errors="0">
  <testcase name="screenShort" time="4.008" classname="Jquery.MultipleScreenShort"/>
</testsuite> <!-- Jquery.MultipleScreenShort -->
