<?xml version="1.0" encoding="UTF-8"?>
<!-- Generated by org.testng.reporters.JUnitReportReporter -->
<testsuite hostname="Salahs-MacBook-Pro.local" name="healthFirst.LinkList" tests="1" failures="0" timestamp="22 Jan 2015 02:16:02 GMT" time="6.045" errors="0">
  <testcase name="findLink" time="6.045" classname="healthFirst.LinkList"/>
</testsuite> <!-- healthFirst.LinkList -->
