<?xml version="1.0" encoding="UTF-8"?>
<!-- Generated by org.testng.reporters.JUnitReportReporter -->
<testsuite hostname="Salahs-MacBook-Pro.local" name="healthFirst.HoverMouse" tests="1" failures="0" timestamp="22 Jan 2015 02:16:02 GMT" time="28.880" errors="0">
  <testcase name="test" time="28.880" classname="healthFirst.HoverMouse"/>
</testsuite> <!-- healthFirst.HoverMouse -->
